<?xml version="1.0" encoding="UTF-8"?>
<!-- Generated by org.testng.reporters.JUnitReportReporter -->
<testsuite hostname="CISPL-IO-181" failures="0" tests="1" name="test.project" time="10.323" errors="0" timestamp="2024-05-21T17:44:24 IST" skipped="0">
  <testcase classname="test.project" name="suggestiveDropdown" time="10.323"/>
</testsuite> <!-- test.project -->
